<?xml version="1.0" encoding="UTF-8"?>
<testsuite name="org.sam.mines.address.service.impl.TownServiceImplTest" tests="1" skipped="0" failures="0" errors="0" timestamp="2020-03-10T15:11:39" hostname="Predator-Budgie" time="0.068">
  <properties/>
  <testcase name="shouldGetAll()" classname="org.sam.mines.address.service.impl.TownServiceImplTest" time="0.068"/>
  <system-out><![CDATA[]]></system-out>
  <system-err><![CDATA[]]></system-err>
</testsuite>
